[01Dec2024 00:00:30.589] [Worker-Main-3/WARN] [net.minecraft.world.entity.ai.attributes.AttributeMap/]: Ignoring unknown attribute 'reach-entity-attributes:reach'
[01Dec2024 00:00:30.594] [Worker-Main-3/WARN] [net.minecraft.world.entity.ai.attributes.AttributeMap/]: Ignoring unknown attribute 'reach-entity-attributes:reach'
[01Dec2024 00:00:30.594] [Worker-Main-3/WARN] [net.minecraft.world.entity.ai.attributes.AttributeMap/]: Ignoring unknown attribute 'reach-entity-attributes:reach'
[01Dec2024 00:00:30.595] [Worker-Main-3/WARN] [net.minecraft.world.entity.ai.attributes.AttributeMap/]: Ignoring unknown attribute 'reach-entity-attributes:reach'
[01Dec2024 00:00:30.770] [Worker-Main-2/WARN] [net.minecraft.world.entity.ai.attributes.AttributeMap/]: Ignoring unknown attribute 'reach-entity-attributes:reach'
[01Dec2024 00:00:30.770] [Worker-Main-2/WARN] [net.minecraft.world.entity.ai.attributes.AttributeMap/]: Ignoring unknown attribute 'reach-entity-attributes:reach'
[01Dec2024 00:00:30.770] [Worker-Main-2/WARN] [net.minecraft.world.entity.ai.attributes.AttributeMap/]: Ignoring unknown attribute 'reach-entity-attributes:reach'
[01Dec2024 00:00:30.771] [Worker-Main-2/WARN] [net.minecraft.world.entity.ai.attributes.AttributeMap/]: Ignoring unknown attribute 'reach-entity-attributes:reach'
[01Dec2024 00:00:30.771] [Worker-Main-2/WARN] [net.minecraft.world.entity.ai.attributes.AttributeMap/]: Ignoring unknown attribute 'reach-entity-attributes:reach'
[01Dec2024 00:02:11.733] [Server thread/INFO] [net.minecraft.server.network.ServerLoginPacketListenerImpl/]: com.mojang.authlib.GameProfile@101a5ea9[id=<null>,name=DoxxuZ,properties={},legacy=false] (/[::1]:43482) lost connection: Timed out
[01Dec2024 00:02:15.483] [Server thread/INFO] [net.minecraft.server.MinecraftServer/]: kaise077 has made the advancement [Monster Hunter]
[01Dec2024 00:03:20.585] [Server thread/INFO] [net.minecraft.server.network.ServerGamePacketListenerImpl/]: kaise077 lost connection: Timed out
[01Dec2024 00:03:20.586] [Server thread/INFO] [net.minecraft.server.MinecraftServer/]: kaise077 left the game
[01Dec2024 00:03:20.605] [Server thread/INFO] [net.minecraft.server.players.PlayerList/]: DoxxuZ[/[::1]:37594] logged in with entity id 19347 at (-34.68765742717615, 63.024424088213685, -457.30000001192093)
[01Dec2024 00:03:20.620] [Server thread/INFO] [net.minecraft.server.MinecraftServer/]: DoxxuZ joined the game
[01Dec2024 00:03:20.666] [Server thread/INFO] [Jade/]: Syncing config to DoxxuZ (1da37bce-b87a-33f7-8106-97299c483cb0)
[01Dec2024 00:04:35.727] [Server thread/INFO] [net.minecraft.server.network.ServerGamePacketListenerImpl/]: DoxxuZ lost connection: Timed out
[01Dec2024 00:04:35.728] [Server thread/INFO] [net.minecraft.server.MinecraftServer/]: DoxxuZ left the game
[01Dec2024 00:05:37.639] [Server thread/INFO] [net.minecraft.server.players.PlayerList/]: DoxxuZ[/[::1]:33458] logged in with entity id 19624 at (-34.69999998807907, 63.0, -456.7850707521545)
[01Dec2024 00:05:37.662] [Server thread/INFO] [net.minecraft.server.MinecraftServer/]: DoxxuZ joined the game
[01Dec2024 00:05:37.722] [Server thread/INFO] [Jade/]: Syncing config to DoxxuZ (1da37bce-b87a-33f7-8106-97299c483cb0)
[01Dec2024 00:09:23.078] [Server thread/INFO] [net.minecraft.server.network.ServerGamePacketListenerImpl/]: DoxxuZ lost connection: Timed out
[01Dec2024 00:09:23.078] [Server thread/INFO] [net.minecraft.server.MinecraftServer/]: DoxxuZ left the game
[01Dec2024 00:11:16.125] [Server thread/INFO] [net.minecraft.server.network.ServerGamePacketListenerImpl/]: Mers_444 lost connection: Timed out
[01Dec2024 00:11:16.126] [Server thread/INFO] [net.minecraft.server.MinecraftServer/]: Mers_444 left the game
[01Dec2024 00:17:42.081] [Server thread/INFO] [net.minecraft.server.players.PlayerList/]: DoxxuZ[/[::1]:36900] logged in with entity id 20270 at (-29.713126065748362, 65.0, -482.45708893832267)
[01Dec2024 00:17:42.095] [Server thread/INFO] [net.minecraft.server.MinecraftServer/]: DoxxuZ joined the game
[01Dec2024 00:17:42.100] [Server thread/INFO] [Jade/]: Syncing config to DoxxuZ (1da37bce-b87a-33f7-8106-97299c483cb0)
[01Dec2024 00:19:57.376] [Server thread/INFO] [net.minecraft.server.network.ServerGamePacketListenerImpl/]: DoxxuZ lost connection: Timed out
[01Dec2024 00:19:57.377] [Server thread/INFO] [net.minecraft.server.MinecraftServer/]: DoxxuZ left the game
