[03:00:14] [modloading-worker-0/INFO] ========================================
[03:00:14] [modloading-worker-0/INFO] Minecraft: 1.20.1
[03:00:14] [modloading-worker-0/INFO] Side: server
[03:00:14] [modloading-worker-0/INFO] Development: false
[03:00:14] [modloading-worker-0/INFO] Version: 12.1.785
[03:00:14] [modloading-worker-0/INFO] Loader:
[03:00:14] [modloading-worker-0/INFO] - Forge: 47.3.7
[03:00:14] [modloading-worker-0/INFO] Dependencies:
[03:00:14] [modloading-worker-0/INFO] - Cloth Config: 11.1.136
[03:00:14] [modloading-worker-0/INFO] - Architectury: 9.2.14
[03:00:14] [modloading-worker-0/INFO] Mixin: 0.8.5
[03:00:14] [modloading-worker-0/INFO] OS: Linux 6.5.0-1025-azure (amd64)
[03:00:14] [modloading-worker-0/INFO] Java: 21.0.4 (Microsoft)
[03:00:14] [modloading-worker-0/INFO] ========================================
[03:00:14] [modloading-worker-0/INFO] Mods:
[03:00:14] [modloading-worker-0/INFO] - architectury: 9.2.14
[03:00:14] [modloading-worker-0/INFO] - balm: 7.3.9
[03:00:14] [modloading-worker-0/INFO] - born_in_chaos_v1: 1.5.2
[03:00:14] [modloading-worker-0/INFO] - caelus: 3.2.0+1.20.1
[03:00:14] [modloading-worker-0/INFO] - citadel: 2.6.0
[03:00:14] [modloading-worker-0/INFO] - cloth_config: 11.1.136
[03:00:14] [modloading-worker-0/INFO] - create: 0.5.1.j
[03:00:14] [modloading-worker-0/INFO] - create_connected: 0.9.2-mc1.20.1
[03:00:14] [modloading-worker-0/INFO] - create_dragon_lib: 1.4.3
[03:00:14] [modloading-worker-0/INFO] - create_enchantment_industry: 1.2.9.d
[03:00:14] [modloading-worker-0/INFO] - createliquidfuel: 2.1.1-1.20.1
[03:00:14] [modloading-worker-0/INFO] - creativecore: 2.12.22
[03:00:14] [modloading-worker-0/INFO] - curios: 5.11.0+1.20.1
[03:00:14] [modloading-worker-0/INFO] - default_skill_trees: 1.0
[03:00:14] [modloading-worker-0/INFO] - elytraslot: 6.4.4+1.20.1
[03:00:14] [modloading-worker-0/INFO] - epicfight: 20.9.6
[03:00:14] [modloading-worker-0/INFO] - flywheel: 0.6.11-13
[03:00:14] [modloading-worker-0/INFO] - forge: 47.3.7
[03:00:14] [modloading-worker-0/INFO] - framedblocks: 9.3.1
[03:00:14] [modloading-worker-0/INFO] - geckolib: 4.4.9
[03:00:14] [modloading-worker-0/INFO] - iceandfire: 2.1.13-1.20.1
[03:00:14] [modloading-worker-0/INFO] - jade: 11.12.2+forge
[03:00:14] [modloading-worker-0/INFO] - kuma_api: 20.1.8
[03:00:14] [modloading-worker-0/INFO] - loot_journal: 4.0.2
[03:00:14] [modloading-worker-0/INFO] - mca: 7.5.21+1.20.1
[03:00:14] [modloading-worker-0/INFO] - minecraft: 1.20.1
[03:00:14] [modloading-worker-0/INFO] - mixinextras: 0.4.1
[03:00:14] [modloading-worker-0/INFO] - mixinsquared: 0.1.2-beta.6
[03:00:14] [modloading-worker-0/INFO] - mowziesmobs: 1.6.4
[03:00:14] [modloading-worker-0/INFO] - playerrevive: 2.0.27
[03:00:14] [modloading-worker-0/INFO] - puffish_attributes: 0.6.6
[03:00:14] [modloading-worker-0/INFO] - puffish_skills: 0.13.2
[03:00:14] [modloading-worker-0/INFO] - roughlyenoughitems: 12.1.785
[03:00:14] [modloading-worker-0/INFO] - sophisticatedbackpacks: 3.20.17.1150
[03:00:14] [modloading-worker-0/INFO] - sophisticatedcore: 0.7.9.791
[03:00:14] [modloading-worker-0/INFO] - spartanshields: 3.1.1
[03:00:14] [modloading-worker-0/INFO] - terramity: 0.9.6.1
[03:00:14] [modloading-worker-0/INFO] - waystones: 14.1.3
[03:00:14] [modloading-worker-0/INFO] - wom: 20.1.8.5.2
[03:00:14] [modloading-worker-0/INFO] - xaerominimap: 24.6.1
[03:00:14] [modloading-worker-0/INFO] ========================================
[03:00:14] [modloading-worker-0/INFO] [REI] Registered plugin provider DefaultPluginImpl [roughlyenoughitems] for REIServerPlugin
[03:00:14] [modloading-worker-0/INFO] [REI] Registered plugin provider DefaultPluginImpl [roughlyenoughitems] for REIPlugin
[03:00:14] [modloading-worker-0/INFO] [REI] Registered plugin provider DefaultRuntimePlugin [roughlyenoughitems] for REIServerPlugin
[03:00:14] [modloading-worker-0/INFO] [REI] Registered plugin provider DefaultRuntimePlugin [roughlyenoughitems] for REIPlugin
[03:00:36] [Worker-Main-3/DEBUG] [REI] Processed 2 tags in 1.988 ms for minecraft:cat_variant
[03:00:36] [Worker-Main-1/DEBUG] [REI] Processed 1 tags in 1.899 ms for minecraft:painting_variant
[03:00:36] [Worker-Main-2/DEBUG] [REI] Processed 1 tags in 2.098 ms for minecraft:recipe_serializer
[03:00:36] [Worker-Main-2/DEBUG] [REI] Processed 3 tags in 26.06 μs for minecraft:instrument
[03:00:36] [Worker-Main-1/DEBUG] [REI] Processed 5 tags in 150.6 μs for minecraft:game_event
[03:00:36] [Worker-Main-3/DEBUG] [REI] Processed 0 tags in 10.71 μs for minecraft:worldgen/structure
[03:00:36] [Worker-Main-3/DEBUG] [REI] Processed 1 tags in 10.03 μs for minecraft:enchantment
[03:00:36] [Worker-Main-1/DEBUG] [REI] Processed 14 tags in 69.48 μs for minecraft:fluid
[03:00:36] [Worker-Main-1/DEBUG] [REI] Processed 1 tags in 42.82 μs for minecraft:attribute
[03:00:36] [Worker-Main-1/DEBUG] [REI] Processed 3 tags in 109.3 μs for minecraft:point_of_interest_type
[03:00:36] [Worker-Main-2/DEBUG] [REI] Processed 0 tags in 96.19 μs for minecraft:worldgen/biome
[03:00:36] [Worker-Main-2/DEBUG] [REI] Processed 30 tags in 296.9 μs for minecraft:entity_type
[03:00:36] [Worker-Main-2/DEBUG] [REI] Processed 26 tags in 152.1 μs for minecraft:banner_pattern
[03:00:36] [Worker-Main-2/DEBUG] [REI] Processed 0 tags in 22.65 μs for minecraft:damage_type
[03:00:36] [Worker-Main-2/DEBUG] [REI] Processed 0 tags in 21.61 μs for minecraft:worldgen/world_preset
[03:00:36] [Worker-Main-2/DEBUG] [REI] Processed 0 tags in 9.127 μs for minecraft:worldgen/flat_level_generator_preset
[03:00:36] [Worker-Main-3/DEBUG] [REI] Processed 476 tags in 3.032 ms for minecraft:item
[03:00:36] [Worker-Main-1/DEBUG] [REI] Processed 350 tags in 6.457 ms for minecraft:block
[03:00:41] [main/DEBUG] [REI] Starting Reload Plugins of stage null
java.lang.Throwable
	at TRANSFORMER/roughlyenoughitems@12.1.785/me.shedaniel.rei.impl.common.plugins.ReloadManagerImpl.reloadPlugins(ReloadManagerImpl.java:110)
	at TRANSFORMER/roughlyenoughitems@12.1.785/me.shedaniel.rei.RoughlyEnoughItemsCore.lambda$onInitialize$5(RoughlyEnoughItemsCore.java:163)
	at java.base/java.util.concurrent.CompletableFuture$UniRun.tryFire(CompletableFuture.java:787)
	at java.base/java.util.concurrent.CompletableFuture$Completion.run(CompletableFuture.java:482)
	at TRANSFORMER/minecraft@1.20.1/net.minecraft.server.packs.resources.SimpleReloadInstance.m_143940_(SimpleReloadInstance.java:69)
	at TRANSFORMER/minecraft@1.20.1/net.minecraft.Util.m_214652_(Util.java:783)
	at TRANSFORMER/minecraft@1.20.1/net.minecraft.Util.m_214679_(Util.java:772)
	at TRANSFORMER/minecraft@1.20.1/net.minecraft.server.Main.main(Main.java:166)
	at java.base/jdk.internal.reflect.DirectMethodHandleAccessor.invoke(DirectMethodHandleAccessor.java:103)
	at java.base/java.lang.reflect.Method.invoke(Method.java:580)
	at MC-BOOTSTRAP/fmlloader@1.20.1-47.3.7/net.minecraftforge.fml.loading.targets.CommonLaunchHandler.runTarget(CommonLaunchHandler.java:111)
	at MC-BOOTSTRAP/fmlloader@1.20.1-47.3.7/net.minecraftforge.fml.loading.targets.CommonLaunchHandler.serverService(CommonLaunchHandler.java:103)
	at MC-BOOTSTRAP/fmlloader@1.20.1-47.3.7/net.minecraftforge.fml.loading.targets.CommonServerLaunchHandler.lambda$makeService$0(CommonServerLaunchHandler.java:27)
	at MC-BOOTSTRAP/cpw.mods.modlauncher@10.0.9/cpw.mods.modlauncher.LaunchServiceHandlerDecorator.launch(LaunchServiceHandlerDecorator.java:30)
	at MC-BOOTSTRAP/cpw.mods.modlauncher@10.0.9/cpw.mods.modlauncher.LaunchServiceHandler.launch(LaunchServiceHandler.java:53)
	at MC-BOOTSTRAP/cpw.mods.modlauncher@10.0.9/cpw.mods.modlauncher.LaunchServiceHandler.launch(LaunchServiceHandler.java:71)
	at MC-BOOTSTRAP/cpw.mods.modlauncher@10.0.9/cpw.mods.modlauncher.Launcher.run(Launcher.java:108)
	at MC-BOOTSTRAP/cpw.mods.modlauncher@10.0.9/cpw.mods.modlauncher.Launcher.main(Launcher.java:78)
	at MC-BOOTSTRAP/cpw.mods.modlauncher@10.0.9/cpw.mods.modlauncher.BootstrapLaunchConsumer.accept(BootstrapLaunchConsumer.java:26)
	at MC-BOOTSTRAP/cpw.mods.modlauncher@10.0.9/cpw.mods.modlauncher.BootstrapLaunchConsumer.accept(BootstrapLaunchConsumer.java:23)
	at cpw.mods.bootstraplauncher@1.1.2/cpw.mods.bootstraplauncher.BootstrapLauncher.main(BootstrapLauncher.java:141)
[03:00:41] [main/DEBUG] [REI] ========================================
[03:00:41] [main/DEBUG] [REI] REIPlugin starting pre-reload for START.
[03:00:41] [main/DEBUG] [REI] Reloadables (7):
[03:00:41] [main/DEBUG] [REI]  - EntryTypeRegistryImpl
[03:00:41] [main/DEBUG] [REI]  - EntrySettingsAdapterRegistryImpl
[03:00:41] [main/DEBUG] [REI]  - RecipeManagerContextImpl
[03:00:41] [main/DEBUG] [REI]  - ItemComparatorRegistryImpl
[03:00:41] [main/DEBUG] [REI]  - FluidComparatorRegistryImpl
[03:00:41] [main/DEBUG] [REI]  - DisplaySerializerRegistryImpl
[03:00:41] [main/DEBUG] [REI]  - FluidSupportProviderImpl
[03:00:41] [main/DEBUG] [REI] Plugins (2):
[03:00:41] [main/DEBUG] [REI]  - (-100.00) DefaultPluginImpl of DefaultPluginImpl [roughlyenoughitems]
[03:00:41] [main/DEBUG] [REI]  - (0.00) DefaultRuntimePlugin of DefaultRuntimePlugin [roughlyenoughitems]
[03:00:41] [main/DEBUG] [REI] ========================================
[03:00:41] [main/TRACE] [REI] [REIPlugin START] Reloading Section: "pre-register/"
[03:00:41] [main/TRACE] [REI] [REIPlugin START] Reloading Section: "pre-register/DefaultPluginImpl of DefaultPluginImpl [roughlyenoughitems]/"
[03:00:41] [main/TRACE] [REI] [REIPlugin START] Reloading Section: "pre-register/DefaultPluginImpl of DefaultPluginImpl [roughlyenoughitems]/" done in 1.033 ms
[03:00:41] [main/TRACE] [REI] [REIPlugin START] Reloading Section: "pre-register/DefaultRuntimePlugin of DefaultRuntimePlugin [roughlyenoughitems]/"
[03:00:41] [main/TRACE] [REI] [REIPlugin START] Reloading Section: "pre-register/DefaultRuntimePlugin of DefaultRuntimePlugin [roughlyenoughitems]/" done in 83.13 μs
[03:00:41] [main/TRACE] [REI] [REIPlugin START] Reloading Section: "pre-register/" done in 11.24 ms
[03:00:41] [main/TRACE] [REI] [REIPlugin START] Reloading Section: "pre-stage/"
[03:00:41] [main/TRACE] [REI] [REIPlugin START] Reloading Section: "pre-stage/EntryTypeRegistryImpl/"
[03:00:41] [main/TRACE] [REI] [REIPlugin START] Reloading Section: "pre-stage/EntryTypeRegistryImpl/" done in 263.4 μs
[03:00:41] [main/TRACE] [REI] [REIPlugin START] Reloading Section: "pre-stage/EntrySettingsAdapterRegistryImpl/"
[03:00:41] [main/TRACE] [REI] [REIPlugin START] Reloading Section: "pre-stage/EntrySettingsAdapterRegistryImpl/" done in 56.54 μs
[03:00:41] [main/TRACE] [REI] [REIPlugin START] Reloading Section: "pre-stage/RecipeManagerContextImpl/"
[03:00:41] [main/TRACE] [REI] [REIPlugin START] Reloading Section: "pre-stage/RecipeManagerContextImpl/" done in 57.35 μs
[03:00:41] [main/TRACE] [REI] [REIPlugin START] Reloading Section: "pre-stage/ItemComparatorRegistryImpl/"
[03:00:41] [main/TRACE] [REI] [REIPlugin START] Reloading Section: "pre-stage/ItemComparatorRegistryImpl/" done in 67.37 μs
[03:00:41] [main/TRACE] [REI] [REIPlugin START] Reloading Section: "pre-stage/FluidComparatorRegistryImpl/"
[03:00:41] [main/TRACE] [REI] [REIPlugin START] Reloading Section: "pre-stage/FluidComparatorRegistryImpl/" done in 62.24 μs
[03:00:41] [main/TRACE] [REI] [REIPlugin START] Reloading Section: "pre-stage/DisplaySerializerRegistryImpl/"
[03:00:41] [main/TRACE] [REI] [REIPlugin START] Reloading Section: "pre-stage/DisplaySerializerRegistryImpl/" done in 53.58 μs
[03:00:41] [main/TRACE] [REI] [REIPlugin START] Reloading Section: "pre-stage/FluidSupportProviderImpl/"
[03:00:41] [main/TRACE] [REI] [REIPlugin START] Reloading Section: "pre-stage/FluidSupportProviderImpl/" done in 57.46 μs
[03:00:41] [main/TRACE] [REI] [REIPlugin START] Reloading Section: "pre-stage/" done in 1.535 ms
[03:00:41] [main/DEBUG] [REI] ========================================
[03:00:41] [main/DEBUG] [REI] REIPlugin finished pre-reload for START in 13.34 ms.
[03:00:41] [main/DEBUG] [REI] ========================================
[03:00:41] [main/DEBUG] [REI] ========================================
[03:00:41] [main/DEBUG] [REI] REIServerPlugin starting pre-reload for START.
[03:00:41] [main/DEBUG] [REI] Reloadables (2):
[03:00:41] [main/DEBUG] [REI]  - MenuInfoRegistryImpl
[03:00:41] [main/DEBUG] [REI]  - SlotAccessorRegistryImpl
[03:00:41] [main/DEBUG] [REI] Plugins (2):
[03:00:41] [main/DEBUG] [REI]  - (-100.00) DefaultPluginImpl of DefaultPluginImpl [roughlyenoughitems]
[03:00:41] [main/DEBUG] [REI]  - (0.00) DefaultRuntimePlugin of DefaultRuntimePlugin [roughlyenoughitems]
[03:00:41] [main/DEBUG] [REI] ========================================
[03:00:41] [main/TRACE] [REI] [REIServerPlugin START] Reloading Section: "pre-register/"
[03:00:41] [main/TRACE] [REI] [REIServerPlugin START] Reloading Section: "pre-register/DefaultPluginImpl of DefaultPluginImpl [roughlyenoughitems]/"
[03:00:41] [main/TRACE] [REI] [REIServerPlugin START] Reloading Section: "pre-register/DefaultPluginImpl of DefaultPluginImpl [roughlyenoughitems]/" done in 185.4 μs
[03:00:41] [main/TRACE] [REI] [REIServerPlugin START] Reloading Section: "pre-register/DefaultRuntimePlugin of DefaultRuntimePlugin [roughlyenoughitems]/"
[03:00:41] [main/TRACE] [REI] [REIServerPlugin START] Reloading Section: "pre-register/DefaultRuntimePlugin of DefaultRuntimePlugin [roughlyenoughitems]/" done in 179.3 μs
[03:00:41] [main/TRACE] [REI] [REIServerPlugin START] Reloading Section: "pre-register/" done in 1.081 ms
[03:00:41] [main/TRACE] [REI] [REIServerPlugin START] Reloading Section: "pre-stage/"
[03:00:41] [main/TRACE] [REI] [REIServerPlugin START] Reloading Section: "pre-stage/MenuInfoRegistryImpl/"
[03:00:41] [main/TRACE] [REI] [REIServerPlugin START] Reloading Section: "pre-stage/MenuInfoRegistryImpl/" done in 279.1 μs
[03:00:41] [main/TRACE] [REI] [REIServerPlugin START] Reloading Section: "pre-stage/SlotAccessorRegistryImpl/"
[03:00:41] [main/TRACE] [REI] [REIServerPlugin START] Reloading Section: "pre-stage/SlotAccessorRegistryImpl/" done in 48.20 μs
[03:00:41] [main/TRACE] [REI] [REIServerPlugin START] Reloading Section: "pre-stage/" done in 695.3 μs
[03:00:41] [main/DEBUG] [REI] ========================================
[03:00:41] [main/DEBUG] [REI] REIServerPlugin finished pre-reload for START in 2.151 ms.
[03:00:41] [main/DEBUG] [REI] ========================================
[03:00:41] [main/INFO] [REI] ========================================
[03:00:41] [main/INFO] [REI] REIPlugin starting main-reload for START.
[03:00:41] [main/DEBUG] [REI] Reloadables (7):
[03:00:41] [main/DEBUG] [REI]  - EntryTypeRegistryImpl
[03:00:41] [main/DEBUG] [REI]  - EntrySettingsAdapterRegistryImpl
[03:00:41] [main/DEBUG] [REI]  - RecipeManagerContextImpl
[03:00:41] [main/DEBUG] [REI]  - ItemComparatorRegistryImpl
[03:00:41] [main/DEBUG] [REI]  - FluidComparatorRegistryImpl
[03:00:41] [main/DEBUG] [REI]  - DisplaySerializerRegistryImpl
[03:00:41] [main/DEBUG] [REI]  - FluidSupportProviderImpl
[03:00:41] [main/INFO] [REI] Plugins (2):
[03:00:41] [main/INFO] [REI]  - (-100.00) DefaultPluginImpl of DefaultPluginImpl [roughlyenoughitems]
[03:00:41] [main/INFO] [REI]  - (0.00) DefaultRuntimePlugin of DefaultRuntimePlugin [roughlyenoughitems]
[03:00:41] [main/INFO] [REI] ========================================
[03:00:41] [main/TRACE] [REI] [REIPlugin START] Reloading Section: "start-reload/"
[03:00:41] [main/TRACE] [REI] [REIPlugin START] Reloading Section: "start-reload/EntryTypeRegistryImpl/"
[03:00:41] [main/TRACE] [REI] [REIPlugin START] Reloading Section: "start-reload/EntryTypeRegistryImpl/" done in 113.3 μs
[03:00:41] [main/TRACE] [REI] [REIPlugin START] Reloading Section: "start-reload/EntrySettingsAdapterRegistryImpl/"
[03:00:41] [main/TRACE] [REI] [REIPlugin START] Reloading Section: "start-reload/EntrySettingsAdapterRegistryImpl/" done in 73.21 μs
[03:00:41] [main/TRACE] [REI] [REIPlugin START] Reloading Section: "start-reload/RecipeManagerContextImpl/"
[03:00:41] [main/TRACE] [REI] [REIPlugin START] Reloading Section: "start-reload/RecipeManagerContextImpl/" done in 60.46 μs
[03:00:41] [main/TRACE] [REI] [REIPlugin START] Reloading Section: "start-reload/ItemComparatorRegistryImpl/"
[03:00:41] [main/TRACE] [REI] [REIPlugin START] Reloading Section: "start-reload/ItemComparatorRegistryImpl/" done in 112.7 μs
[03:00:41] [main/TRACE] [REI] [REIPlugin START] Reloading Section: "start-reload/FluidComparatorRegistryImpl/"
[03:00:41] [main/TRACE] [REI] [REIPlugin START] Reloading Section: "start-reload/FluidComparatorRegistryImpl/" done in 206.4 μs
[03:00:41] [main/TRACE] [REI] [REIPlugin START] Reloading Section: "start-reload/DisplaySerializerRegistryImpl/"
[03:00:41] [main/TRACE] [REI] [REIPlugin START] Reloading Section: "start-reload/DisplaySerializerRegistryImpl/" done in 179.9 μs
[03:00:41] [main/TRACE] [REI] [REIPlugin START] Reloading Section: "start-reload/FluidSupportProviderImpl/"
[03:00:41] [main/TRACE] [REI] [REIPlugin START] Reloading Section: "start-reload/FluidSupportProviderImpl/" done in 176.4 μs
[03:00:41] [main/TRACE] [REI] [REIPlugin START] Reloading Section: "start-reload/" done in 2.168 ms
[03:00:41] [main/DEBUG] [REI] ========================================
[03:00:41] [main/DEBUG] [REI] REIPlugin started main-reload for START.
[03:00:41] [main/DEBUG] [REI] ========================================
[03:00:41] [main/TRACE] [REI] [REIPlugin START] Reloading Section: "reloadable-plugin/EntryTypeRegistryImpl/"
[03:00:41] [main/TRACE] [REI] [REIPlugin START] Reloading Section: "reloadable-plugin/EntryTypeRegistryImpl/DefaultPluginImpl of DefaultPluginImpl [roughlyenoughitems]/"
[03:00:41] [main/TRACE] [REI] [REIPlugin START] Reloading Section: "reloadable-plugin/EntryTypeRegistryImpl/DefaultPluginImpl of DefaultPluginImpl [roughlyenoughitems]/" done in 504.2 μs
[03:00:41] [main/TRACE] [REI] [REIPlugin START] Reloading Section: "reloadable-plugin/EntryTypeRegistryImpl/DefaultRuntimePlugin of DefaultRuntimePlugin [roughlyenoughitems]/"
[03:00:41] [main/TRACE] [REI] [REIPlugin START] Reloading Section: "reloadable-plugin/EntryTypeRegistryImpl/DefaultRuntimePlugin of DefaultRuntimePlugin [roughlyenoughitems]/" done in 7.933 ms
[03:00:41] [main/TRACE] [REI] [REIPlugin START] Reloading Section: "reloadable-plugin/EntryTypeRegistryImpl/" done in 9.602 ms
[03:00:41] [main/TRACE] [REI] [REIPlugin START] Reloading Section: "reloadable-plugin/EntrySettingsAdapterRegistryImpl/"
[03:00:41] [main/TRACE] [REI] [REIPlugin START] Reloading Section: "reloadable-plugin/EntrySettingsAdapterRegistryImpl/DefaultPluginImpl of DefaultPluginImpl [roughlyenoughitems]/"
[03:00:41] [main/TRACE] [REI] [REIPlugin START] Reloading Section: "reloadable-plugin/EntrySettingsAdapterRegistryImpl/DefaultPluginImpl of DefaultPluginImpl [roughlyenoughitems]/" done in 60.56 μs
[03:00:41] [main/TRACE] [REI] [REIPlugin START] Reloading Section: "reloadable-plugin/EntrySettingsAdapterRegistryImpl/DefaultRuntimePlugin of DefaultRuntimePlugin [roughlyenoughitems]/"
[03:00:41] [main/TRACE] [REI] [REIPlugin START] Reloading Section: "reloadable-plugin/EntrySettingsAdapterRegistryImpl/DefaultRuntimePlugin of DefaultRuntimePlugin [roughlyenoughitems]/" done in 62.93 μs
[03:00:41] [main/TRACE] [REI] [REIPlugin START] Reloading Section: "reloadable-plugin/EntrySettingsAdapterRegistryImpl/" done in 418.3 μs
[03:00:41] [main/TRACE] [REI] [REIPlugin START] Reloading Section: "reloadable-plugin/RecipeManagerContextImpl/"
[03:00:41] [main/TRACE] [REI] [REIPlugin START] Reloading Section: "reloadable-plugin/RecipeManagerContextImpl/DefaultPluginImpl of DefaultPluginImpl [roughlyenoughitems]/"
[03:00:41] [main/TRACE] [REI] [REIPlugin START] Reloading Section: "reloadable-plugin/RecipeManagerContextImpl/DefaultPluginImpl of DefaultPluginImpl [roughlyenoughitems]/" done in 54.61 μs
[03:00:41] [main/TRACE] [REI] [REIPlugin START] Reloading Section: "reloadable-plugin/RecipeManagerContextImpl/DefaultRuntimePlugin of DefaultRuntimePlugin [roughlyenoughitems]/"
[03:00:41] [main/TRACE] [REI] [REIPlugin START] Reloading Section: "reloadable-plugin/RecipeManagerContextImpl/DefaultRuntimePlugin of DefaultRuntimePlugin [roughlyenoughitems]/" done in 91.41 μs
[03:00:41] [main/TRACE] [REI] [REIPlugin START] Reloading Section: "reloadable-plugin/RecipeManagerContextImpl/" done in 396.5 μs
[03:00:41] [main/TRACE] [REI] [REIPlugin START] Reloading Section: "reloadable-plugin/ItemComparatorRegistryImpl/"
[03:00:41] [main/TRACE] [REI] [REIPlugin START] Reloading Section: "reloadable-plugin/ItemComparatorRegistryImpl/DefaultPluginImpl of DefaultPluginImpl [roughlyenoughitems]/"
[03:00:41] [main/TRACE] [REI] [REIPlugin START] Reloading Section: "reloadable-plugin/ItemComparatorRegistryImpl/DefaultPluginImpl of DefaultPluginImpl [roughlyenoughitems]/" done in 901.9 μs
[03:00:41] [main/TRACE] [REI] [REIPlugin START] Reloading Section: "reloadable-plugin/ItemComparatorRegistryImpl/DefaultRuntimePlugin of DefaultRuntimePlugin [roughlyenoughitems]/"
[03:00:41] [main/TRACE] [REI] [REIPlugin START] Reloading Section: "reloadable-plugin/ItemComparatorRegistryImpl/DefaultRuntimePlugin of DefaultRuntimePlugin [roughlyenoughitems]/" done in 59.21 μs
[03:00:41] [main/TRACE] [REI] [REIPlugin START] Reloading Section: "reloadable-plugin/ItemComparatorRegistryImpl/" done in 1.222 ms
[03:00:41] [main/TRACE] [REI] [REIPlugin START] Reloading Section: "reloadable-plugin/FluidComparatorRegistryImpl/"
[03:00:41] [main/TRACE] [REI] [REIPlugin START] Reloading Section: "reloadable-plugin/FluidComparatorRegistryImpl/DefaultPluginImpl of DefaultPluginImpl [roughlyenoughitems]/"
[03:00:41] [main/TRACE] [REI] [REIPlugin START] Reloading Section: "reloadable-plugin/FluidComparatorRegistryImpl/DefaultPluginImpl of DefaultPluginImpl [roughlyenoughitems]/" done in 65.87 μs
[03:00:41] [main/TRACE] [REI] [REIPlugin START] Reloading Section: "reloadable-plugin/FluidComparatorRegistryImpl/DefaultRuntimePlugin of DefaultRuntimePlugin [roughlyenoughitems]/"
[03:00:41] [main/TRACE] [REI] [REIPlugin START] Reloading Section: "reloadable-plugin/FluidComparatorRegistryImpl/DefaultRuntimePlugin of DefaultRuntimePlugin [roughlyenoughitems]/" done in 103.4 μs
[03:00:41] [main/TRACE] [REI] [REIPlugin START] Reloading Section: "reloadable-plugin/FluidComparatorRegistryImpl/" done in 524.0 μs
[03:00:41] [main/TRACE] [REI] [REIPlugin START] Reloading Section: "reloadable-plugin/DisplaySerializerRegistryImpl/"
[03:00:41] [main/TRACE] [REI] [REIPlugin START] Reloading Section: "reloadable-plugin/DisplaySerializerRegistryImpl/DefaultPluginImpl of DefaultPluginImpl [roughlyenoughitems]/"
[03:00:41] [main/TRACE] [REI] [REIPlugin START] Reloading Section: "reloadable-plugin/DisplaySerializerRegistryImpl/DefaultPluginImpl of DefaultPluginImpl [roughlyenoughitems]/" done in 56.62 μs
[03:00:41] [main/TRACE] [REI] [REIPlugin START] Reloading Section: "reloadable-plugin/DisplaySerializerRegistryImpl/DefaultRuntimePlugin of DefaultRuntimePlugin [roughlyenoughitems]/"
[03:00:41] [main/TRACE] [REI] [REIPlugin START] Reloading Section: "reloadable-plugin/DisplaySerializerRegistryImpl/DefaultRuntimePlugin of DefaultRuntimePlugin [roughlyenoughitems]/" done in 54.88 μs
[03:00:41] [main/TRACE] [REI] [REIPlugin START] Reloading Section: "reloadable-plugin/DisplaySerializerRegistryImpl/" done in 410.8 μs
[03:00:41] [main/TRACE] [REI] [REIPlugin START] Reloading Section: "reloadable-plugin/FluidSupportProviderImpl/"
[03:00:41] [main/TRACE] [REI] [REIPlugin START] Reloading Section: "reloadable-plugin/FluidSupportProviderImpl/DefaultPluginImpl of DefaultPluginImpl [roughlyenoughitems]/"
[03:00:41] [main/TRACE] [REI] [REIPlugin START] Reloading Section: "reloadable-plugin/FluidSupportProviderImpl/DefaultPluginImpl of DefaultPluginImpl [roughlyenoughitems]/" done in 593.7 μs
[03:00:41] [main/TRACE] [REI] [REIPlugin START] Reloading Section: "reloadable-plugin/FluidSupportProviderImpl/DefaultRuntimePlugin of DefaultRuntimePlugin [roughlyenoughitems]/"
[03:00:41] [main/TRACE] [REI] [REIPlugin START] Reloading Section: "reloadable-plugin/FluidSupportProviderImpl/DefaultRuntimePlugin of DefaultRuntimePlugin [roughlyenoughitems]/" done in 61.00 μs
[03:00:41] [main/TRACE] [REI] [REIPlugin START] Reloading Section: "reloadable-plugin/FluidSupportProviderImpl/" done in 903.3 μs
[03:00:41] [main/DEBUG] [REI] ========================================
[03:00:41] [main/DEBUG] [REI] REIPlugin ending main-reload for START.
[03:00:41] [main/DEBUG] [REI] ========================================
[03:00:41] [main/TRACE] [REI] [REIPlugin START] Reloading Section: "end-reload/"
[03:00:41] [main/TRACE] [REI] [REIPlugin START] Reloading Section: "end-reload/EntryTypeRegistryImpl/"
[03:00:41] [main/TRACE] [REI] [REIPlugin START] Reloading Section: "end-reload/EntryTypeRegistryImpl/" done in 62.67 μs
[03:00:41] [main/TRACE] [REI] [REIPlugin START] Reloading Section: "end-reload/EntrySettingsAdapterRegistryImpl/"
[03:00:41] [main/TRACE] [REI] [REIPlugin START] Reloading Section: "end-reload/EntrySettingsAdapterRegistryImpl/" done in 62.48 μs
[03:00:41] [main/TRACE] [REI] [REIPlugin START] Reloading Section: "end-reload/RecipeManagerContextImpl/"
[03:00:41] [main/TRACE] [REI] [REIPlugin START] Reloading Section: "end-reload/RecipeManagerContextImpl/" done in 54.99 μs
[03:00:41] [main/TRACE] [REI] [REIPlugin START] Reloading Section: "end-reload/ItemComparatorRegistryImpl/"
[03:00:41] [main/TRACE] [REI] [REIPlugin START] Reloading Section: "end-reload/ItemComparatorRegistryImpl/" done in 51.60 μs
[03:00:41] [main/TRACE] [REI] [REIPlugin START] Reloading Section: "end-reload/FluidComparatorRegistryImpl/"
[03:00:41] [main/TRACE] [REI] [REIPlugin START] Reloading Section: "end-reload/FluidComparatorRegistryImpl/" done in 50.08 μs
[03:00:41] [main/TRACE] [REI] [REIPlugin START] Reloading Section: "end-reload/DisplaySerializerRegistryImpl/"
[03:00:41] [main/TRACE] [REI] [REIPlugin START] Reloading Section: "end-reload/DisplaySerializerRegistryImpl/" done in 73.43 μs
[03:00:41] [main/TRACE] [REI] [REIPlugin START] Reloading Section: "end-reload/FluidSupportProviderImpl/"
[03:00:41] [main/TRACE] [REI] [REIPlugin START] Reloading Section: "end-reload/FluidSupportProviderImpl/" done in 238.7 μs
[03:00:41] [main/TRACE] [REI] [REIPlugin START] Reloading Section: "end-reload/" done in 1.643 ms
[03:00:41] [main/DEBUG] [REI] ========================================
[03:00:41] [main/DEBUG] [REI] REIPlugin ended main-reload for START in 21.95 ms.
[03:00:41] [main/DEBUG] [REI] ========================================
[03:00:41] [main/INFO] [REI] @@@@@@@@@@@@@@@@@@@@@@@@@@@@@@@@@@@@@@@@
[03:00:41] [main/INFO] [REI] REIServerPlugin starting main-reload for START.
[03:00:41] [main/DEBUG] [REI] Reloadables (2):
[03:00:41] [main/DEBUG] [REI]  - MenuInfoRegistryImpl
[03:00:41] [main/DEBUG] [REI]  - SlotAccessorRegistryImpl
[03:00:41] [main/INFO] [REI] Plugins (2):
[03:00:41] [main/INFO] [REI]  - (-100.00) DefaultPluginImpl of DefaultPluginImpl [roughlyenoughitems]
[03:00:41] [main/INFO] [REI]  - (0.00) DefaultRuntimePlugin of DefaultRuntimePlugin [roughlyenoughitems]
[03:00:41] [main/INFO] [REI] @@@@@@@@@@@@@@@@@@@@@@@@@@@@@@@@@@@@@@@@
[03:00:41] [main/TRACE] [REI] [REIServerPlugin START] Reloading Section: "start-reload/"
[03:00:41] [main/TRACE] [REI] [REIServerPlugin START] Reloading Section: "start-reload/MenuInfoRegistryImpl/"
[03:00:41] [main/TRACE] [REI] [REIServerPlugin START] Reloading Section: "start-reload/MenuInfoRegistryImpl/" done in 55.56 μs
[03:00:41] [main/TRACE] [REI] [REIServerPlugin START] Reloading Section: "start-reload/SlotAccessorRegistryImpl/"
[03:00:41] [main/TRACE] [REI] [REIServerPlugin START] Reloading Section: "start-reload/SlotAccessorRegistryImpl/" done in 58.79 μs
[03:00:41] [main/TRACE] [REI] [REIServerPlugin START] Reloading Section: "start-reload/" done in 383.5 μs
[03:00:41] [main/DEBUG] [REI] ========================================
[03:00:41] [main/DEBUG] [REI] REIServerPlugin started main-reload for START.
[03:00:41] [main/DEBUG] [REI] ========================================
[03:00:41] [main/TRACE] [REI] [REIServerPlugin START] Reloading Section: "reloadable-plugin/MenuInfoRegistryImpl/"
[03:00:41] [main/TRACE] [REI] [REIServerPlugin START] Reloading Section: "reloadable-plugin/MenuInfoRegistryImpl/DefaultPluginImpl of DefaultPluginImpl [roughlyenoughitems]/"
[03:00:41] [main/TRACE] [REI] [REIServerPlugin START] Reloading Section: "reloadable-plugin/MenuInfoRegistryImpl/DefaultPluginImpl of DefaultPluginImpl [roughlyenoughitems]/" done in 63.14 μs
[03:00:41] [main/TRACE] [REI] [REIServerPlugin START] Reloading Section: "reloadable-plugin/MenuInfoRegistryImpl/DefaultRuntimePlugin of DefaultRuntimePlugin [roughlyenoughitems]/"
[03:00:41] [main/TRACE] [REI] [REIServerPlugin START] Reloading Section: "reloadable-plugin/MenuInfoRegistryImpl/DefaultRuntimePlugin of DefaultRuntimePlugin [roughlyenoughitems]/" done in 65.22 μs
[03:00:41] [main/TRACE] [REI] [REIServerPlugin START] Reloading Section: "reloadable-plugin/MenuInfoRegistryImpl/" done in 359.6 μs
[03:00:41] [main/TRACE] [REI] [REIServerPlugin START] Reloading Section: "reloadable-plugin/SlotAccessorRegistryImpl/"
[03:00:41] [main/TRACE] [REI] [REIServerPlugin START] Reloading Section: "reloadable-plugin/SlotAccessorRegistryImpl/DefaultPluginImpl of DefaultPluginImpl [roughlyenoughitems]/"
[03:00:41] [main/TRACE] [REI] [REIServerPlugin START] Reloading Section: "reloadable-plugin/SlotAccessorRegistryImpl/DefaultPluginImpl of DefaultPluginImpl [roughlyenoughitems]/" done in 55.07 μs
[03:00:41] [main/TRACE] [REI] [REIServerPlugin START] Reloading Section: "reloadable-plugin/SlotAccessorRegistryImpl/DefaultRuntimePlugin of DefaultRuntimePlugin [roughlyenoughitems]/"
[03:00:41] [main/TRACE] [REI] [REIServerPlugin START] Reloading Section: "reloadable-plugin/SlotAccessorRegistryImpl/DefaultRuntimePlugin of DefaultRuntimePlugin [roughlyenoughitems]/" done in 48.97 μs
[03:00:41] [main/TRACE] [REI] [REIServerPlugin START] Reloading Section: "reloadable-plugin/SlotAccessorRegistryImpl/" done in 338.5 μs
[03:00:41] [main/DEBUG] [REI] ========================================
[03:00:41] [main/DEBUG] [REI] REIServerPlugin ending main-reload for START.
[03:00:41] [main/DEBUG] [REI] ========================================
[03:00:41] [main/TRACE] [REI] [REIServerPlugin START] Reloading Section: "end-reload/"
[03:00:41] [main/TRACE] [REI] [REIServerPlugin START] Reloading Section: "end-reload/MenuInfoRegistryImpl/"
[03:00:41] [main/TRACE] [REI] [REIServerPlugin START] Reloading Section: "end-reload/MenuInfoRegistryImpl/" done in 48.42 μs
[03:00:41] [main/TRACE] [REI] [REIServerPlugin START] Reloading Section: "end-reload/SlotAccessorRegistryImpl/"
[03:00:41] [main/TRACE] [REI] [REIServerPlugin START] Reloading Section: "end-reload/SlotAccessorRegistryImpl/" done in 49.50 μs
[03:00:41] [main/TRACE] [REI] [REIServerPlugin START] Reloading Section: "end-reload/" done in 307.0 μs
[03:00:41] [main/DEBUG] [REI] ========================================
[03:00:41] [main/DEBUG] [REI] REIServerPlugin ended main-reload for START in 4.429 ms.
[03:00:41] [main/DEBUG] [REI] ========================================
[03:00:41] [main/DEBUG] [REI] ========================================
[03:00:41] [main/DEBUG] [REI] REIPlugin starting post-reload for START.
[03:00:41] [main/DEBUG] [REI] Reloadables (7):
[03:00:41] [main/DEBUG] [REI]  - EntryTypeRegistryImpl
[03:00:41] [main/DEBUG] [REI]  - EntrySettingsAdapterRegistryImpl
[03:00:41] [main/DEBUG] [REI]  - RecipeManagerContextImpl
[03:00:41] [main/DEBUG] [REI]  - ItemComparatorRegistryImpl
[03:00:41] [main/DEBUG] [REI]  - FluidComparatorRegistryImpl
[03:00:41] [main/DEBUG] [REI]  - DisplaySerializerRegistryImpl
[03:00:41] [main/DEBUG] [REI]  - FluidSupportProviderImpl
[03:00:41] [main/DEBUG] [REI] Plugins (2):
[03:00:41] [main/DEBUG] [REI]  - (-100.00) DefaultPluginImpl of DefaultPluginImpl [roughlyenoughitems]
[03:00:41] [main/DEBUG] [REI]  - (0.00) DefaultRuntimePlugin of DefaultRuntimePlugin [roughlyenoughitems]
[03:00:41] [main/DEBUG] [REI] ========================================
[03:00:41] [main/TRACE] [REI] [REIPlugin START] Reloading Section: "post-register/"
[03:00:41] [main/TRACE] [REI] [REIPlugin START] Reloading Section: "post-register/DefaultPluginImpl of DefaultPluginImpl [roughlyenoughitems]/"
[03:00:41] [main/TRACE] [REI] [REIPlugin START] Reloading Section: "post-register/DefaultPluginImpl of DefaultPluginImpl [roughlyenoughitems]/" done in 223.9 μs
[03:00:41] [main/TRACE] [REI] [REIPlugin START] Reloading Section: "post-register/DefaultRuntimePlugin of DefaultRuntimePlugin [roughlyenoughitems]/"
[03:00:41] [main/TRACE] [REI] [REIPlugin START] Reloading Section: "post-register/DefaultRuntimePlugin of DefaultRuntimePlugin [roughlyenoughitems]/" done in 49.27 μs
[03:00:41] [main/TRACE] [REI] [REIPlugin START] Reloading Section: "post-register/" done in 730.0 μs
[03:00:41] [main/TRACE] [REI] [REIPlugin START] Reloading Section: "post-stage/"
[03:00:41] [main/TRACE] [REI] [REIPlugin START] Reloading Section: "post-stage/EntryTypeRegistryImpl/"
[03:00:41] [main/TRACE] [REI] [REIPlugin START] Reloading Section: "post-stage/EntryTypeRegistryImpl/" done in 51.92 μs
[03:00:41] [main/TRACE] [REI] [REIPlugin START] Reloading Section: "post-stage/EntrySettingsAdapterRegistryImpl/"
[03:00:41] [main/TRACE] [REI] [REIPlugin START] Reloading Section: "post-stage/EntrySettingsAdapterRegistryImpl/" done in 34.60 μs
[03:00:41] [main/TRACE] [REI] [REIPlugin START] Reloading Section: "post-stage/RecipeManagerContextImpl/"
[03:00:41] [main/TRACE] [REI] [REIPlugin START] Reloading Section: "post-stage/RecipeManagerContextImpl/" done in 35.36 μs
[03:00:41] [main/TRACE] [REI] [REIPlugin START] Reloading Section: "post-stage/ItemComparatorRegistryImpl/"
[03:00:41] [main/TRACE] [REI] [REIPlugin START] Reloading Section: "post-stage/ItemComparatorRegistryImpl/" done in 36.03 μs
[03:00:41] [main/TRACE] [REI] [REIPlugin START] Reloading Section: "post-stage/FluidComparatorRegistryImpl/"
[03:00:41] [main/TRACE] [REI] [REIPlugin START] Reloading Section: "post-stage/FluidComparatorRegistryImpl/" done in 34.82 μs
[03:00:41] [main/TRACE] [REI] [REIPlugin START] Reloading Section: "post-stage/DisplaySerializerRegistryImpl/"
[03:00:41] [main/TRACE] [REI] [REIPlugin START] Reloading Section: "post-stage/DisplaySerializerRegistryImpl/" done in 63.62 μs
[03:00:41] [main/TRACE] [REI] [REIPlugin START] Reloading Section: "post-stage/FluidSupportProviderImpl/"
[03:00:41] [main/TRACE] [REI] [REIPlugin START] Reloading Section: "post-stage/FluidSupportProviderImpl/" done in 33.97 μs
[03:00:41] [main/TRACE] [REI] [REIPlugin START] Reloading Section: "post-stage/" done in 810.8 μs
[03:00:41] [main/DEBUG] [REI] ========================================
[03:00:41] [main/INFO] [REI] REIPlugin finished post-reload for START in 1.663 ms, totaling 36.87 ms.
[03:00:41] [main/DEBUG] [REI] ========================================
[03:00:41] [main/DEBUG] [REI] ========================================
[03:00:41] [main/DEBUG] [REI] REIServerPlugin starting post-reload for START.
[03:00:41] [main/DEBUG] [REI] Reloadables (2):
[03:00:41] [main/DEBUG] [REI]  - MenuInfoRegistryImpl
[03:00:41] [main/DEBUG] [REI]  - SlotAccessorRegistryImpl
[03:00:41] [main/DEBUG] [REI] Plugins (2):
[03:00:41] [main/DEBUG] [REI]  - (-100.00) DefaultPluginImpl of DefaultPluginImpl [roughlyenoughitems]
[03:00:41] [main/DEBUG] [REI]  - (0.00) DefaultRuntimePlugin of DefaultRuntimePlugin [roughlyenoughitems]
[03:00:41] [main/DEBUG] [REI] ========================================
[03:00:41] [main/TRACE] [REI] [REIServerPlugin START] Reloading Section: "post-register/"
[03:00:41] [main/TRACE] [REI] [REIServerPlugin START] Reloading Section: "post-register/DefaultPluginImpl of DefaultPluginImpl [roughlyenoughitems]/"
[03:00:41] [main/TRACE] [REI] [REIServerPlugin START] Reloading Section: "post-register/DefaultPluginImpl of DefaultPluginImpl [roughlyenoughitems]/" done in 49.71 μs
[03:00:41] [main/TRACE] [REI] [REIServerPlugin START] Reloading Section: "post-register/DefaultRuntimePlugin of DefaultRuntimePlugin [roughlyenoughitems]/"
[03:00:41] [main/TRACE] [REI] [REIServerPlugin START] Reloading Section: "post-register/DefaultRuntimePlugin of DefaultRuntimePlugin [roughlyenoughitems]/" done in 39.92 μs
[03:00:41] [main/TRACE] [REI] [REIServerPlugin START] Reloading Section: "post-register/" done in 326.5 μs
[03:00:41] [main/TRACE] [REI] [REIServerPlugin START] Reloading Section: "post-stage/"
[03:00:41] [main/TRACE] [REI] [REIServerPlugin START] Reloading Section: "post-stage/MenuInfoRegistryImpl/"
[03:00:41] [main/TRACE] [REI] [REIServerPlugin START] Reloading Section: "post-stage/MenuInfoRegistryImpl/" done in 31.08 μs
[03:00:41] [main/TRACE] [REI] [REIServerPlugin START] Reloading Section: "post-stage/SlotAccessorRegistryImpl/"
[03:00:41] [main/TRACE] [REI] [REIServerPlugin START] Reloading Section: "post-stage/SlotAccessorRegistryImpl/" done in 42.97 μs
[03:00:41] [main/TRACE] [REI] [REIServerPlugin START] Reloading Section: "post-stage/" done in 239.6 μs
[03:00:41] [main/DEBUG] [REI] ========================================
[03:00:41] [main/INFO] [REI] REIServerPlugin finished post-reload for START in 686.9 μs, totaling 7.184 ms.
[03:00:41] [main/DEBUG] [REI] ========================================
[03:00:41] [main/DEBUG] [REI] ========================================
[03:00:41] [main/DEBUG] [REI] REIPlugin starting pre-reload for END.
[03:00:41] [main/DEBUG] [REI] Reloadables (7):
[03:00:41] [main/DEBUG] [REI]  - EntryTypeRegistryImpl
[03:00:41] [main/DEBUG] [REI]  - EntrySettingsAdapterRegistryImpl
[03:00:41] [main/DEBUG] [REI]  - RecipeManagerContextImpl
[03:00:41] [main/DEBUG] [REI]  - ItemComparatorRegistryImpl
[03:00:41] [main/DEBUG] [REI]  - FluidComparatorRegistryImpl
[03:00:41] [main/DEBUG] [REI]  - DisplaySerializerRegistryImpl
[03:00:41] [main/DEBUG] [REI]  - FluidSupportProviderImpl
[03:00:41] [main/DEBUG] [REI] Plugins (2):
[03:00:41] [main/DEBUG] [REI]  - (-100.00) DefaultPluginImpl of DefaultPluginImpl [roughlyenoughitems]
[03:00:41] [main/DEBUG] [REI]  - (0.00) DefaultRuntimePlugin of DefaultRuntimePlugin [roughlyenoughitems]
[03:00:41] [main/DEBUG] [REI] ========================================
[03:00:41] [main/TRACE] [REI] [REIPlugin END] Reloading Section: "pre-register/"
[03:00:41] [main/TRACE] [REI] [REIPlugin END] Reloading Section: "pre-register/DefaultPluginImpl of DefaultPluginImpl [roughlyenoughitems]/"
[03:00:41] [main/TRACE] [REI] [REIPlugin END] Reloading Section: "pre-register/DefaultPluginImpl of DefaultPluginImpl [roughlyenoughitems]/" done in 44.37 μs
[03:00:41] [main/TRACE] [REI] [REIPlugin END] Reloading Section: "pre-register/DefaultRuntimePlugin of DefaultRuntimePlugin [roughlyenoughitems]/"
[03:00:41] [main/TRACE] [REI] [REIPlugin END] Reloading Section: "pre-register/DefaultRuntimePlugin of DefaultRuntimePlugin [roughlyenoughitems]/" done in 41.16 μs
[03:00:41] [main/TRACE] [REI] [REIPlugin END] Reloading Section: "pre-register/" done in 318.8 μs
[03:00:41] [main/TRACE] [REI] [REIPlugin END] Reloading Section: "pre-stage/"
[03:00:41] [main/TRACE] [REI] [REIPlugin END] Reloading Section: "pre-stage/EntryTypeRegistryImpl/"
[03:00:41] [main/TRACE] [REI] [REIPlugin END] Reloading Section: "pre-stage/EntryTypeRegistryImpl/" done in 35.82 μs
[03:00:41] [main/TRACE] [REI] [REIPlugin END] Reloading Section: "pre-stage/EntrySettingsAdapterRegistryImpl/"
[03:00:41] [main/TRACE] [REI] [REIPlugin END] Reloading Section: "pre-stage/EntrySettingsAdapterRegistryImpl/" done in 32.66 μs
[03:00:41] [main/TRACE] [REI] [REIPlugin END] Reloading Section: "pre-stage/RecipeManagerContextImpl/"
[03:00:41] [main/TRACE] [REI] [REIPlugin END] Reloading Section: "pre-stage/RecipeManagerContextImpl/" done in 42.79 μs
[03:00:41] [main/TRACE] [REI] [REIPlugin END] Reloading Section: "pre-stage/ItemComparatorRegistryImpl/"
[03:00:41] [main/TRACE] [REI] [REIPlugin END] Reloading Section: "pre-stage/ItemComparatorRegistryImpl/" done in 41.69 μs
[03:00:41] [main/TRACE] [REI] [REIPlugin END] Reloading Section: "pre-stage/FluidComparatorRegistryImpl/"
[03:00:41] [main/TRACE] [REI] [REIPlugin END] Reloading Section: "pre-stage/FluidComparatorRegistryImpl/" done in 42.33 μs
[03:00:41] [main/TRACE] [REI] [REIPlugin END] Reloading Section: "pre-stage/DisplaySerializerRegistryImpl/"
[03:00:41] [main/TRACE] [REI] [REIPlugin END] Reloading Section: "pre-stage/DisplaySerializerRegistryImpl/" done in 41.76 μs
[03:00:41] [main/TRACE] [REI] [REIPlugin END] Reloading Section: "pre-stage/FluidSupportProviderImpl/"
[03:00:41] [main/TRACE] [REI] [REIPlugin END] Reloading Section: "pre-stage/FluidSupportProviderImpl/" done in 40.76 μs
[03:00:41] [main/TRACE] [REI] [REIPlugin END] Reloading Section: "pre-stage/" done in 798.9 μs
[03:00:41] [main/DEBUG] [REI] ========================================
[03:00:41] [main/DEBUG] [REI] REIPlugin finished pre-reload for END in 1.263 ms.
[03:00:41] [main/DEBUG] [REI] ========================================
[03:00:41] [main/DEBUG] [REI] ========================================
[03:00:41] [main/DEBUG] [REI] REIServerPlugin starting pre-reload for END.
[03:00:41] [main/DEBUG] [REI] Reloadables (2):
[03:00:41] [main/DEBUG] [REI]  - MenuInfoRegistryImpl
[03:00:41] [main/DEBUG] [REI]  - SlotAccessorRegistryImpl
[03:00:41] [main/DEBUG] [REI] Plugins (2):
[03:00:41] [main/DEBUG] [REI]  - (-100.00) DefaultPluginImpl of DefaultPluginImpl [roughlyenoughitems]
[03:00:41] [main/DEBUG] [REI]  - (0.00) DefaultRuntimePlugin of DefaultRuntimePlugin [roughlyenoughitems]
[03:00:41] [main/DEBUG] [REI] ========================================
[03:00:41] [main/TRACE] [REI] [REIServerPlugin END] Reloading Section: "pre-register/"
[03:00:41] [main/TRACE] [REI] [REIServerPlugin END] Reloading Section: "pre-register/DefaultPluginImpl of DefaultPluginImpl [roughlyenoughitems]/"
[03:00:41] [main/TRACE] [REI] [REIServerPlugin END] Reloading Section: "pre-register/DefaultPluginImpl of DefaultPluginImpl [roughlyenoughitems]/" done in 35.91 μs
[03:00:41] [main/TRACE] [REI] [REIServerPlugin END] Reloading Section: "pre-register/DefaultRuntimePlugin of DefaultRuntimePlugin [roughlyenoughitems]/"
[03:00:41] [main/TRACE] [REI] [REIServerPlugin END] Reloading Section: "pre-register/DefaultRuntimePlugin of DefaultRuntimePlugin [roughlyenoughitems]/" done in 37.52 μs
[03:00:41] [main/TRACE] [REI] [REIServerPlugin END] Reloading Section: "pre-register/" done in 271.1 μs
[03:00:41] [main/TRACE] [REI] [REIServerPlugin END] Reloading Section: "pre-stage/"
[03:00:41] [main/TRACE] [REI] [REIServerPlugin END] Reloading Section: "pre-stage/MenuInfoRegistryImpl/"
[03:00:41] [main/TRACE] [REI] [REIServerPlugin END] Reloading Section: "pre-stage/MenuInfoRegistryImpl/" done in 43.14 μs
[03:00:41] [main/TRACE] [REI] [REIServerPlugin END] Reloading Section: "pre-stage/SlotAccessorRegistryImpl/"
[03:00:41] [main/TRACE] [REI] [REIServerPlugin END] Reloading Section: "pre-stage/SlotAccessorRegistryImpl/" done in 42.88 μs
[03:00:41] [main/TRACE] [REI] [REIServerPlugin END] Reloading Section: "pre-stage/" done in 268.0 μs
[03:00:41] [main/DEBUG] [REI] ========================================
[03:00:41] [main/DEBUG] [REI] REIServerPlugin finished pre-reload for END in 664.7 μs.
[03:00:41] [main/DEBUG] [REI] ========================================
[03:00:41] [main/INFO] [REI] ----------------------------------------
[03:00:41] [main/INFO] [REI] REIPlugin starting main-reload for END.
[03:00:41] [main/DEBUG] [REI] Reloadables (7):
[03:00:41] [main/DEBUG] [REI]  - EntryTypeRegistryImpl
[03:00:41] [main/DEBUG] [REI]  - EntrySettingsAdapterRegistryImpl
[03:00:41] [main/DEBUG] [REI]  - RecipeManagerContextImpl
[03:00:41] [main/DEBUG] [REI]  - ItemComparatorRegistryImpl
[03:00:41] [main/DEBUG] [REI]  - FluidComparatorRegistryImpl
[03:00:41] [main/DEBUG] [REI]  - DisplaySerializerRegistryImpl
[03:00:41] [main/DEBUG] [REI]  - FluidSupportProviderImpl
[03:00:41] [main/INFO] [REI] Plugins (2):
[03:00:41] [main/INFO] [REI]  - (-100.00) DefaultPluginImpl of DefaultPluginImpl [roughlyenoughitems]
[03:00:41] [main/INFO] [REI]  - (0.00) DefaultRuntimePlugin of DefaultRuntimePlugin [roughlyenoughitems]
[03:00:41] [main/INFO] [REI] ----------------------------------------
[03:00:41] [main/TRACE] [REI] [REIPlugin END] Reloading Section: "start-reload/"
[03:00:41] [main/TRACE] [REI] [REIPlugin END] Reloading Section: "start-reload/EntryTypeRegistryImpl/"
[03:00:41] [main/TRACE] [REI] [REIPlugin END] Reloading Section: "start-reload/EntryTypeRegistryImpl/" done in 41.84 μs
[03:00:41] [main/TRACE] [REI] [REIPlugin END] Reloading Section: "start-reload/EntrySettingsAdapterRegistryImpl/"
[03:00:41] [main/TRACE] [REI] [REIPlugin END] Reloading Section: "start-reload/EntrySettingsAdapterRegistryImpl/" done in 53.46 μs
[03:00:41] [main/TRACE] [REI] [REIPlugin END] Reloading Section: "start-reload/RecipeManagerContextImpl/"
[03:00:41] [main/TRACE] [REI] [REIPlugin END] Reloading Section: "start-reload/RecipeManagerContextImpl/" done in 52.01 μs
[03:00:41] [main/TRACE] [REI] [REIPlugin END] Reloading Section: "start-reload/ItemComparatorRegistryImpl/"
[03:00:41] [main/TRACE] [REI] [REIPlugin END] Reloading Section: "start-reload/ItemComparatorRegistryImpl/" done in 43.76 μs
[03:00:41] [main/TRACE] [REI] [REIPlugin END] Reloading Section: "start-reload/FluidComparatorRegistryImpl/"
[03:00:41] [main/TRACE] [REI] [REIPlugin END] Reloading Section: "start-reload/FluidComparatorRegistryImpl/" done in 44.28 μs
[03:00:41] [main/TRACE] [REI] [REIPlugin END] Reloading Section: "start-reload/DisplaySerializerRegistryImpl/"
[03:00:41] [main/TRACE] [REI] [REIPlugin END] Reloading Section: "start-reload/DisplaySerializerRegistryImpl/" done in 56.02 μs
[03:00:41] [main/TRACE] [REI] [REIPlugin END] Reloading Section: "start-reload/FluidSupportProviderImpl/"
[03:00:41] [main/TRACE] [REI] [REIPlugin END] Reloading Section: "start-reload/FluidSupportProviderImpl/" done in 63.32 μs
[03:00:41] [main/TRACE] [REI] [REIPlugin END] Reloading Section: "start-reload/" done in 935.0 μs
[03:00:41] [main/DEBUG] [REI] ========================================
[03:00:41] [main/DEBUG] [REI] REIPlugin started main-reload for END.
[03:00:41] [main/DEBUG] [REI] ========================================
[03:00:41] [main/TRACE] [REI] [REIPlugin END] Reloading Section: "reloadable-plugin/EntryTypeRegistryImpl/"
[03:00:41] [main/TRACE] [REI] [REIPlugin END] Reloading Section: "reloadable-plugin/EntryTypeRegistryImpl/DefaultPluginImpl of DefaultPluginImpl [roughlyenoughitems]/"
[03:00:41] [main/TRACE] [REI] [REIPlugin END] Reloading Section: "reloadable-plugin/EntryTypeRegistryImpl/DefaultPluginImpl of DefaultPluginImpl [roughlyenoughitems]/" done in 54.41 μs
[03:00:41] [main/TRACE] [REI] [REIPlugin END] Reloading Section: "reloadable-plugin/EntryTypeRegistryImpl/DefaultRuntimePlugin of DefaultRuntimePlugin [roughlyenoughitems]/"
[03:00:41] [main/TRACE] [REI] [REIPlugin END] Reloading Section: "reloadable-plugin/EntryTypeRegistryImpl/DefaultRuntimePlugin of DefaultRuntimePlugin [roughlyenoughitems]/" done in 50.62 μs
[03:00:41] [main/TRACE] [REI] [REIPlugin END] Reloading Section: "reloadable-plugin/EntryTypeRegistryImpl/" done in 320.3 μs
[03:00:41] [main/TRACE] [REI] [REIPlugin END] Reloading Section: "reloadable-plugin/EntrySettingsAdapterRegistryImpl/"
[03:00:41] [main/TRACE] [REI] [REIPlugin END] Reloading Section: "reloadable-plugin/EntrySettingsAdapterRegistryImpl/DefaultPluginImpl of DefaultPluginImpl [roughlyenoughitems]/"
[03:00:41] [main/TRACE] [REI] [REIPlugin END] Reloading Section: "reloadable-plugin/EntrySettingsAdapterRegistryImpl/DefaultPluginImpl of DefaultPluginImpl [roughlyenoughitems]/" done in 54.49 μs
[03:00:41] [main/TRACE] [REI] [REIPlugin END] Reloading Section: "reloadable-plugin/EntrySettingsAdapterRegistryImpl/DefaultRuntimePlugin of DefaultRuntimePlugin [roughlyenoughitems]/"
[03:00:41] [main/TRACE] [REI] [REIPlugin END] Reloading Section: "reloadable-plugin/EntrySettingsAdapterRegistryImpl/DefaultRuntimePlugin of DefaultRuntimePlugin [roughlyenoughitems]/" done in 51.24 μs
[03:00:41] [main/TRACE] [REI] [REIPlugin END] Reloading Section: "reloadable-plugin/EntrySettingsAdapterRegistryImpl/" done in 314.8 μs
[03:00:41] [main/TRACE] [REI] [REIPlugin END] Reloading Section: "reloadable-plugin/RecipeManagerContextImpl/"
[03:00:41] [main/TRACE] [REI] [REIPlugin END] Reloading Section: "reloadable-plugin/RecipeManagerContextImpl/DefaultPluginImpl of DefaultPluginImpl [roughlyenoughitems]/"
[03:00:41] [main/TRACE] [REI] [REIPlugin END] Reloading Section: "reloadable-plugin/RecipeManagerContextImpl/DefaultPluginImpl of DefaultPluginImpl [roughlyenoughitems]/" done in 46.56 μs
[03:00:41] [main/TRACE] [REI] [REIPlugin END] Reloading Section: "reloadable-plugin/RecipeManagerContextImpl/DefaultRuntimePlugin of DefaultRuntimePlugin [roughlyenoughitems]/"
[03:00:41] [main/TRACE] [REI] [REIPlugin END] Reloading Section: "reloadable-plugin/RecipeManagerContextImpl/DefaultRuntimePlugin of DefaultRuntimePlugin [roughlyenoughitems]/" done in 54.30 μs
[03:00:41] [main/TRACE] [REI] [REIPlugin END] Reloading Section: "reloadable-plugin/RecipeManagerContextImpl/" done in 316.1 μs
[03:00:41] [main/TRACE] [REI] [REIPlugin END] Reloading Section: "reloadable-plugin/ItemComparatorRegistryImpl/"
[03:00:41] [main/TRACE] [REI] [REIPlugin END] Reloading Section: "reloadable-plugin/ItemComparatorRegistryImpl/DefaultPluginImpl of DefaultPluginImpl [roughlyenoughitems]/"
[03:00:41] [main/TRACE] [REI] [REIPlugin END] Reloading Section: "reloadable-plugin/ItemComparatorRegistryImpl/DefaultPluginImpl of DefaultPluginImpl [roughlyenoughitems]/" done in 45.22 μs
[03:00:41] [main/TRACE] [REI] [REIPlugin END] Reloading Section: "reloadable-plugin/ItemComparatorRegistryImpl/DefaultRuntimePlugin of DefaultRuntimePlugin [roughlyenoughitems]/"
[03:00:41] [main/TRACE] [REI] [REIPlugin END] Reloading Section: "reloadable-plugin/ItemComparatorRegistryImpl/DefaultRuntimePlugin of DefaultRuntimePlugin [roughlyenoughitems]/" done in 46.46 μs
[03:00:41] [main/TRACE] [REI] [REIPlugin END] Reloading Section: "reloadable-plugin/ItemComparatorRegistryImpl/" done in 295.3 μs
[03:00:41] [main/TRACE] [REI] [REIPlugin END] Reloading Section: "reloadable-plugin/FluidComparatorRegistryImpl/"
[03:00:41] [main/TRACE] [REI] [REIPlugin END] Reloading Section: "reloadable-plugin/FluidComparatorRegistryImpl/DefaultPluginImpl of DefaultPluginImpl [roughlyenoughitems]/"
[03:00:41] [main/TRACE] [REI] [REIPlugin END] Reloading Section: "reloadable-plugin/FluidComparatorRegistryImpl/DefaultPluginImpl of DefaultPluginImpl [roughlyenoughitems]/" done in 43.28 μs
[03:00:41] [main/TRACE] [REI] [REIPlugin END] Reloading Section: "reloadable-plugin/FluidComparatorRegistryImpl/DefaultRuntimePlugin of DefaultRuntimePlugin [roughlyenoughitems]/"
[03:00:41] [main/TRACE] [REI] [REIPlugin END] Reloading Section: "reloadable-plugin/FluidComparatorRegistryImpl/DefaultRuntimePlugin of DefaultRuntimePlugin [roughlyenoughitems]/" done in 52.61 μs
[03:00:41] [main/TRACE] [REI] [REIPlugin END] Reloading Section: "reloadable-plugin/FluidComparatorRegistryImpl/" done in 307.3 μs
[03:00:41] [main/TRACE] [REI] [REIPlugin END] Reloading Section: "reloadable-plugin/DisplaySerializerRegistryImpl/"
[03:00:41] [main/TRACE] [REI] [REIPlugin END] Reloading Section: "reloadable-plugin/DisplaySerializerRegistryImpl/DefaultPluginImpl of DefaultPluginImpl [roughlyenoughitems]/"
[03:00:41] [main/TRACE] [REI] [REIPlugin END] Reloading Section: "reloadable-plugin/DisplaySerializerRegistryImpl/DefaultPluginImpl of DefaultPluginImpl [roughlyenoughitems]/" done in 20.42 ms
[03:00:41] [main/TRACE] [REI] [REIPlugin END] Reloading Section: "reloadable-plugin/DisplaySerializerRegistryImpl/DefaultRuntimePlugin of DefaultRuntimePlugin [roughlyenoughitems]/"
[03:00:41] [main/TRACE] [REI] [REIPlugin END] Reloading Section: "reloadable-plugin/DisplaySerializerRegistryImpl/DefaultRuntimePlugin of DefaultRuntimePlugin [roughlyenoughitems]/" done in 109.3 μs
[03:00:41] [main/TRACE] [REI] [REIPlugin END] Reloading Section: "reloadable-plugin/DisplaySerializerRegistryImpl/" done in 21.06 ms
[03:00:41] [main/TRACE] [REI] [REIPlugin END] Reloading Section: "reloadable-plugin/FluidSupportProviderImpl/"
[03:00:41] [main/TRACE] [REI] [REIPlugin END] Reloading Section: "reloadable-plugin/FluidSupportProviderImpl/DefaultPluginImpl of DefaultPluginImpl [roughlyenoughitems]/"
[03:00:41] [main/TRACE] [REI] [REIPlugin END] Reloading Section: "reloadable-plugin/FluidSupportProviderImpl/DefaultPluginImpl of DefaultPluginImpl [roughlyenoughitems]/" done in 53.25 μs
[03:00:41] [main/TRACE] [REI] [REIPlugin END] Reloading Section: "reloadable-plugin/FluidSupportProviderImpl/DefaultRuntimePlugin of DefaultRuntimePlugin [roughlyenoughitems]/"
[03:00:41] [main/TRACE] [REI] [REIPlugin END] Reloading Section: "reloadable-plugin/FluidSupportProviderImpl/DefaultRuntimePlugin of DefaultRuntimePlugin [roughlyenoughitems]/" done in 63.04 μs
[03:00:41] [main/TRACE] [REI] [REIPlugin END] Reloading Section: "reloadable-plugin/FluidSupportProviderImpl/" done in 351.3 μs
[03:00:41] [main/DEBUG] [REI] ========================================
[03:00:41] [main/DEBUG] [REI] REIPlugin ending main-reload for END.
[03:00:41] [main/DEBUG] [REI] ========================================
[03:00:41] [main/TRACE] [REI] [REIPlugin END] Reloading Section: "end-reload/"
[03:00:41] [main/TRACE] [REI] [REIPlugin END] Reloading Section: "end-reload/EntryTypeRegistryImpl/"
[03:00:41] [main/TRACE] [REI] [REIPlugin END] Reloading Section: "end-reload/EntryTypeRegistryImpl/" done in 42.35 μs
[03:00:41] [main/TRACE] [REI] [REIPlugin END] Reloading Section: "end-reload/EntrySettingsAdapterRegistryImpl/"
[03:00:41] [main/TRACE] [REI] [REIPlugin END] Reloading Section: "end-reload/EntrySettingsAdapterRegistryImpl/" done in 91.70 μs
[03:00:41] [main/TRACE] [REI] [REIPlugin END] Reloading Section: "end-reload/RecipeManagerContextImpl/"
[03:00:41] [main/TRACE] [REI] [REIPlugin END] Reloading Section: "end-reload/RecipeManagerContextImpl/" done in 41.54 μs
[03:00:41] [main/TRACE] [REI] [REIPlugin END] Reloading Section: "end-reload/ItemComparatorRegistryImpl/"
[03:00:41] [main/TRACE] [REI] [REIPlugin END] Reloading Section: "end-reload/ItemComparatorRegistryImpl/" done in 51.16 μs
[03:00:41] [main/TRACE] [REI] [REIPlugin END] Reloading Section: "end-reload/FluidComparatorRegistryImpl/"
[03:00:41] [main/TRACE] [REI] [REIPlugin END] Reloading Section: "end-reload/FluidComparatorRegistryImpl/" done in 73.43 μs
[03:00:41] [main/TRACE] [REI] [REIPlugin END] Reloading Section: "end-reload/DisplaySerializerRegistryImpl/"
[03:00:41] [main/TRACE] [REI] [REIPlugin END] Reloading Section: "end-reload/DisplaySerializerRegistryImpl/" done in 44.94 μs
[03:00:41] [main/TRACE] [REI] [REIPlugin END] Reloading Section: "end-reload/FluidSupportProviderImpl/"
[03:00:41] [main/TRACE] [REI] [REIPlugin END] Reloading Section: "end-reload/FluidSupportProviderImpl/" done in 39.34 μs
[03:00:41] [main/TRACE] [REI] [REIPlugin END] Reloading Section: "end-reload/" done in 922.0 μs
[03:00:41] [main/DEBUG] [REI] ========================================
[03:00:41] [main/DEBUG] [REI] REIPlugin ended main-reload for END in 27.47 ms.
[03:00:41] [main/DEBUG] [REI] ========================================
[03:00:41] [main/INFO] [REI] ~~~~~~~~~~~~~~~~~~~~~~~~~~~~~~~~~~~~~~~~
[03:00:41] [main/INFO] [REI] REIServerPlugin starting main-reload for END.
[03:00:41] [main/DEBUG] [REI] Reloadables (2):
[03:00:41] [main/DEBUG] [REI]  - MenuInfoRegistryImpl
[03:00:41] [main/DEBUG] [REI]  - SlotAccessorRegistryImpl
[03:00:41] [main/INFO] [REI] Plugins (2):
[03:00:41] [main/INFO] [REI]  - (-100.00) DefaultPluginImpl of DefaultPluginImpl [roughlyenoughitems]
[03:00:41] [main/INFO] [REI]  - (0.00) DefaultRuntimePlugin of DefaultRuntimePlugin [roughlyenoughitems]
[03:00:41] [main/INFO] [REI] ~~~~~~~~~~~~~~~~~~~~~~~~~~~~~~~~~~~~~~~~
[03:00:41] [main/TRACE] [REI] [REIServerPlugin END] Reloading Section: "start-reload/"
[03:00:41] [main/TRACE] [REI] [REIServerPlugin END] Reloading Section: "start-reload/MenuInfoRegistryImpl/"
[03:00:41] [main/TRACE] [REI] [REIServerPlugin END] Reloading Section: "start-reload/MenuInfoRegistryImpl/" done in 66.29 μs
[03:00:41] [main/TRACE] [REI] [REIServerPlugin END] Reloading Section: "start-reload/SlotAccessorRegistryImpl/"
[03:00:41] [main/TRACE] [REI] [REIServerPlugin END] Reloading Section: "start-reload/SlotAccessorRegistryImpl/" done in 49.78 μs
[03:00:41] [main/TRACE] [REI] [REIServerPlugin END] Reloading Section: "start-reload/" done in 363.9 μs
[03:00:41] [main/DEBUG] [REI] ========================================
[03:00:41] [main/DEBUG] [REI] REIServerPlugin started main-reload for END.
[03:00:41] [main/DEBUG] [REI] ========================================
[03:00:41] [main/TRACE] [REI] [REIServerPlugin END] Reloading Section: "reloadable-plugin/MenuInfoRegistryImpl/"
[03:00:41] [main/TRACE] [REI] [REIServerPlugin END] Reloading Section: "reloadable-plugin/MenuInfoRegistryImpl/DefaultPluginImpl of DefaultPluginImpl [roughlyenoughitems]/"
[03:00:41] [main/TRACE] [REI] [REIServerPlugin END] Reloading Section: "reloadable-plugin/MenuInfoRegistryImpl/DefaultPluginImpl of DefaultPluginImpl [roughlyenoughitems]/" done in 63.40 μs
[03:00:41] [main/TRACE] [REI] [REIServerPlugin END] Reloading Section: "reloadable-plugin/MenuInfoRegistryImpl/DefaultRuntimePlugin of DefaultRuntimePlugin [roughlyenoughitems]/"
[03:00:41] [main/TRACE] [REI] [REIServerPlugin END] Reloading Section: "reloadable-plugin/MenuInfoRegistryImpl/DefaultRuntimePlugin of DefaultRuntimePlugin [roughlyenoughitems]/" done in 55.52 μs
[03:00:41] [main/TRACE] [REI] [REIServerPlugin END] Reloading Section: "reloadable-plugin/MenuInfoRegistryImpl/" done in 401.2 μs
[03:00:41] [main/TRACE] [REI] [REIServerPlugin END] Reloading Section: "reloadable-plugin/SlotAccessorRegistryImpl/"
[03:00:41] [main/TRACE] [REI] [REIServerPlugin END] Reloading Section: "reloadable-plugin/SlotAccessorRegistryImpl/DefaultPluginImpl of DefaultPluginImpl [roughlyenoughitems]/"
[03:00:41] [main/TRACE] [REI] [REIServerPlugin END] Reloading Section: "reloadable-plugin/SlotAccessorRegistryImpl/DefaultPluginImpl of DefaultPluginImpl [roughlyenoughitems]/" done in 49.74 μs
[03:00:41] [main/TRACE] [REI] [REIServerPlugin END] Reloading Section: "reloadable-plugin/SlotAccessorRegistryImpl/DefaultRuntimePlugin of DefaultRuntimePlugin [roughlyenoughitems]/"
[03:00:41] [main/DEBUG] [REI] Added slot accessor serializer: me.shedaniel.rei.plugin.common.runtime.DefaultRuntimePlugin$1@5aef9ce8 [roughlyenoughitems:vanilla]
[03:00:41] [main/DEBUG] [REI] Added slot accessor serializer: me.shedaniel.rei.plugin.common.runtime.DefaultRuntimePlugin$2@6545bcb5 [roughlyenoughitems:player]
[03:00:41] [main/TRACE] [REI] [REIServerPlugin END] Reloading Section: "reloadable-plugin/SlotAccessorRegistryImpl/DefaultRuntimePlugin of DefaultRuntimePlugin [roughlyenoughitems]/" done in 2.084 ms
[03:00:41] [main/TRACE] [REI] [REIServerPlugin END] Reloading Section: "reloadable-plugin/SlotAccessorRegistryImpl/" done in 2.377 ms
[03:00:41] [main/DEBUG] [REI] ========================================
[03:00:41] [main/DEBUG] [REI] REIServerPlugin ending main-reload for END.
[03:00:41] [main/DEBUG] [REI] ========================================
[03:00:41] [main/TRACE] [REI] [REIServerPlugin END] Reloading Section: "end-reload/"
[03:00:41] [main/TRACE] [REI] [REIServerPlugin END] Reloading Section: "end-reload/MenuInfoRegistryImpl/"
[03:00:41] [main/DEBUG] [REI] Registered 0 menu infos
[03:00:41] [main/TRACE] [REI] [REIServerPlugin END] Reloading Section: "end-reload/MenuInfoRegistryImpl/" done in 204.8 μs
[03:00:41] [main/TRACE] [REI] [REIServerPlugin END] Reloading Section: "end-reload/SlotAccessorRegistryImpl/"
[03:00:41] [main/DEBUG] [REI] Registered 2 slot accessor serializers
[03:00:41] [main/TRACE] [REI] [REIServerPlugin END] Reloading Section: "end-reload/SlotAccessorRegistryImpl/" done in 166.9 μs
[03:00:41] [main/TRACE] [REI] [REIServerPlugin END] Reloading Section: "end-reload/" done in 623.5 μs
[03:00:41] [main/DEBUG] [REI] ========================================
[03:00:41] [main/DEBUG] [REI] REIServerPlugin ended main-reload for END in 6.615 ms.
[03:00:41] [main/DEBUG] [REI] ========================================
[03:00:41] [main/DEBUG] [REI] ========================================
[03:00:41] [main/DEBUG] [REI] REIPlugin starting post-reload for END.
[03:00:41] [main/DEBUG] [REI] Reloadables (7):
[03:00:41] [main/DEBUG] [REI]  - EntryTypeRegistryImpl
[03:00:41] [main/DEBUG] [REI]  - EntrySettingsAdapterRegistryImpl
[03:00:41] [main/DEBUG] [REI]  - RecipeManagerContextImpl
[03:00:41] [main/DEBUG] [REI]  - ItemComparatorRegistryImpl
[03:00:41] [main/DEBUG] [REI]  - FluidComparatorRegistryImpl
[03:00:41] [main/DEBUG] [REI]  - DisplaySerializerRegistryImpl
[03:00:41] [main/DEBUG] [REI]  - FluidSupportProviderImpl
[03:00:41] [main/DEBUG] [REI] Plugins (2):
[03:00:41] [main/DEBUG] [REI]  - (-100.00) DefaultPluginImpl of DefaultPluginImpl [roughlyenoughitems]
[03:00:41] [main/DEBUG] [REI]  - (0.00) DefaultRuntimePlugin of DefaultRuntimePlugin [roughlyenoughitems]
[03:00:41] [main/DEBUG] [REI] ========================================
[03:00:41] [main/TRACE] [REI] [REIPlugin END] Reloading Section: "post-register/"
[03:00:41] [main/TRACE] [REI] [REIPlugin END] Reloading Section: "post-register/DefaultPluginImpl of DefaultPluginImpl [roughlyenoughitems]/"
[03:00:41] [main/TRACE] [REI] [REIPlugin END] Reloading Section: "post-register/DefaultPluginImpl of DefaultPluginImpl [roughlyenoughitems]/" done in 47.39 μs
[03:00:41] [main/TRACE] [REI] [REIPlugin END] Reloading Section: "post-register/DefaultRuntimePlugin of DefaultRuntimePlugin [roughlyenoughitems]/"
[03:00:41] [main/TRACE] [REI] [REIPlugin END] Reloading Section: "post-register/DefaultRuntimePlugin of DefaultRuntimePlugin [roughlyenoughitems]/" done in 188.6 μs
[03:00:41] [main/TRACE] [REI] [REIPlugin END] Reloading Section: "post-register/" done in 744.3 μs
[03:00:41] [main/TRACE] [REI] [REIPlugin END] Reloading Section: "post-stage/"
[03:00:41] [main/TRACE] [REI] [REIPlugin END] Reloading Section: "post-stage/EntryTypeRegistryImpl/"
[03:00:41] [main/TRACE] [REI] [REIPlugin END] Reloading Section: "post-stage/EntryTypeRegistryImpl/" done in 137.3 μs
[03:00:41] [main/TRACE] [REI] [REIPlugin END] Reloading Section: "post-stage/EntrySettingsAdapterRegistryImpl/"
[03:00:41] [main/TRACE] [REI] [REIPlugin END] Reloading Section: "post-stage/EntrySettingsAdapterRegistryImpl/" done in 179.6 μs
[03:00:41] [main/TRACE] [REI] [REIPlugin END] Reloading Section: "post-stage/RecipeManagerContextImpl/"
[03:00:41] [main/TRACE] [REI] [REIPlugin END] Reloading Section: "post-stage/RecipeManagerContextImpl/" done in 134.2 μs
[03:00:41] [main/TRACE] [REI] [REIPlugin END] Reloading Section: "post-stage/ItemComparatorRegistryImpl/"
[03:00:41] [main/TRACE] [REI] [REIPlugin END] Reloading Section: "post-stage/ItemComparatorRegistryImpl/" done in 174.8 μs
[03:00:41] [main/TRACE] [REI] [REIPlugin END] Reloading Section: "post-stage/FluidComparatorRegistryImpl/"
[03:00:41] [main/TRACE] [REI] [REIPlugin END] Reloading Section: "post-stage/FluidComparatorRegistryImpl/" done in 136.6 μs
[03:00:41] [main/TRACE] [REI] [REIPlugin END] Reloading Section: "post-stage/DisplaySerializerRegistryImpl/"
[03:00:41] [main/TRACE] [REI] [REIPlugin END] Reloading Section: "post-stage/DisplaySerializerRegistryImpl/" done in 149.8 μs
[03:00:41] [main/TRACE] [REI] [REIPlugin END] Reloading Section: "post-stage/FluidSupportProviderImpl/"
[03:00:41] [main/TRACE] [REI] [REIPlugin END] Reloading Section: "post-stage/FluidSupportProviderImpl/" done in 122.7 μs
[03:00:41] [main/TRACE] [REI] [REIPlugin END] Reloading Section: "post-stage/" done in 2.372 ms
[03:00:41] [main/DEBUG] [REI] ========================================
[03:00:41] [main/INFO] [REI] REIPlugin finished post-reload for END in 3.451 ms, totaling 32.09 ms.
[03:00:41] [main/DEBUG] [REI] ========================================
[03:00:41] [main/DEBUG] [REI] ========================================
[03:00:41] [main/DEBUG] [REI] REIServerPlugin starting post-reload for END.
[03:00:41] [main/DEBUG] [REI] Reloadables (2):
[03:00:41] [main/DEBUG] [REI]  - MenuInfoRegistryImpl
[03:00:41] [main/DEBUG] [REI]  - SlotAccessorRegistryImpl
[03:00:41] [main/DEBUG] [REI] Plugins (2):
[03:00:41] [main/DEBUG] [REI]  - (-100.00) DefaultPluginImpl of DefaultPluginImpl [roughlyenoughitems]
[03:00:41] [main/DEBUG] [REI]  - (0.00) DefaultRuntimePlugin of DefaultRuntimePlugin [roughlyenoughitems]
[03:00:41] [main/DEBUG] [REI] ========================================
[03:00:41] [main/TRACE] [REI] [REIServerPlugin END] Reloading Section: "post-register/"
[03:00:41] [main/TRACE] [REI] [REIServerPlugin END] Reloading Section: "post-register/DefaultPluginImpl of DefaultPluginImpl [roughlyenoughitems]/"
[03:00:41] [main/TRACE] [REI] [REIServerPlugin END] Reloading Section: "post-register/DefaultPluginImpl of DefaultPluginImpl [roughlyenoughitems]/" done in 37.47 μs
[03:00:41] [main/TRACE] [REI] [REIServerPlugin END] Reloading Section: "post-register/DefaultRuntimePlugin of DefaultRuntimePlugin [roughlyenoughitems]/"
[03:00:41] [main/TRACE] [REI] [REIServerPlugin END] Reloading Section: "post-register/DefaultRuntimePlugin of DefaultRuntimePlugin [roughlyenoughitems]/" done in 44.66 μs
[03:00:41] [main/TRACE] [REI] [REIServerPlugin END] Reloading Section: "post-register/" done in 267.7 μs
[03:00:41] [main/TRACE] [REI] [REIServerPlugin END] Reloading Section: "post-stage/"
[03:00:41] [main/TRACE] [REI] [REIServerPlugin END] Reloading Section: "post-stage/MenuInfoRegistryImpl/"
[03:00:41] [main/TRACE] [REI] [REIServerPlugin END] Reloading Section: "post-stage/MenuInfoRegistryImpl/" done in 25.99 μs
[03:00:41] [main/TRACE] [REI] [REIServerPlugin END] Reloading Section: "post-stage/SlotAccessorRegistryImpl/"
[03:00:41] [main/TRACE] [REI] [REIServerPlugin END] Reloading Section: "post-stage/SlotAccessorRegistryImpl/" done in 31.37 μs
[03:00:41] [main/TRACE] [REI] [REIServerPlugin END] Reloading Section: "post-stage/" done in 210.0 μs
[03:00:41] [main/DEBUG] [REI] ========================================
[03:00:41] [main/INFO] [REI] REIServerPlugin finished post-reload for END in 583.4 μs, totaling 7.774 ms.
[03:00:41] [main/DEBUG] [REI] ========================================
